<?xml version="1.0" encoding="UTF-8"?>
<!-- Generated by org.testng.reporters.JUnitXMLReporter -->
<testsuite ignored="0" hostname="Neevetha" failures="0" tests="1" name="Default test" time="79.551" errors="0" timestamp="2021-09-24T23:40:16 IST">
  <testcase classname="genericLibraries.BaseClass" name="@BeforeMethod openApp" time="79.201">
    <failure type="org.openqa.selenium.WebDriverException" message="chrome not reachable
Build info: version: &amp;apos;3.141.59&amp;apos;, revision: &amp;apos;e82be7d358&amp;apos;, time: &amp;apos;2018-11-14T08:17:03&amp;apos;
System info: host: &amp;apos;NEEVETHA&amp;apos;, ip: &amp;apos;192.168.0.116&amp;apos;, os.name: &amp;apos;Windows 8&amp;apos;, os.arch: &amp;apos;amd64&amp;apos;, os.version: &amp;apos;6.2&amp;apos;, java.version: &amp;apos;16.0.1&amp;apos;
Driver info: driver.version: ChromeDriver
remote stacktrace: Backtrace:
	Ordinal0 [0x00E1D403+2479107]
	Ordinal0 [0x00DB7D51+2063697]
	Ordinal0 [0x00CC1F90+1056656]
	Ordinal0 [0x00CB6F55+1011541]
	Ordinal0 [0x00CDFD81+1179009]
	Ordinal0 [0x00CDC355+1164117]
	Ordinal0 [0x00CD9B7F+1153919]
	Ordinal0 [0x00D09CBF+1350847]
	Ordinal0 [0x00D0992A+1349930]
	Ordinal0 [0x00D0583B+1333307]
	Ordinal0 [0x00CE1F94+1187732]
	Ordinal0 [0x00CE2DE9+1191401]
	GetHandleVerifier [0x00F9F3F6+1531734]
	GetHandleVerifier [0x0104E9AE+2249998]
	GetHandleVerifier [0x00EA39AB+501003]
	GetHandleVerifier [0x00EA2A29+497033]
	Ordinal0 [0x00DBD11D+2085149]
	Ordinal0 [0x00DC11C8+2101704]
	Ordinal0 [0x00DC1302+2102018]
	Ordinal0 [0x00DCAA71+2140785]
	BaseThreadInitThunk [0x77048543+14]
	RtlInitializeExceptionChain [0x777CAC69+133]
	RtlInitializeExceptionChain [0x777CAC3C+88]
">
      <![CDATA[org.openqa.selenium.WebDriverException: chrome not reachable
Build info: version: '3.141.59', revision: 'e82be7d358', time: '2018-11-14T08:17:03'
System info: host: 'NEEVETHA', ip: '192.168.0.116', os.name: 'Windows 8', os.arch: 'amd64', os.version: '6.2', java.version: '16.0.1'
Driver info: driver.version: ChromeDriver
remote stacktrace: Backtrace:
Ordinal0 [0x00E1D403+2479107]
Ordinal0 [0x00DB7D51+2063697]
Ordinal0 [0x00CC1F90+1056656]
Ordinal0 [0x00CB6F55+1011541]
Ordinal0 [0x00CDFD81+1179009]
Ordinal0 [0x00CDC355+1164117]
Ordinal0 [0x00CD9B7F+1153919]
Ordinal0 [0x00D09CBF+1350847]
Ordinal0 [0x00D0992A+1349930]
Ordinal0 [0x00D0583B+1333307]
Ordinal0 [0x00CE1F94+1187732]
Ordinal0 [0x00CE2DE9+1191401]
GetHandleVerifier [0x00F9F3F6+1531734]
GetHandleVerifier [0x0104E9AE+2249998]
GetHandleVerifier [0x00EA39AB+501003]
GetHandleVerifier [0x00EA2A29+497033]
Ordinal0 [0x00DBD11D+2085149]
Ordinal0 [0x00DC11C8+2101704]
Ordinal0 [0x00DC1302+2102018]
Ordinal0 [0x00DCAA71+2140785]
BaseThreadInitThunk [0x77048543+14]
RtlInitializeExceptionChain [0x777CAC69+133]
RtlInitializeExceptionChain [0x777CAC3C+88]

at java.base/jdk.internal.reflect.NativeConstructorAccessorImpl.newInstance0(Native Method)
at java.base/jdk.internal.reflect.NativeConstructorAccessorImpl.newInstance(NativeConstructorAccessorImpl.java:78)
at java.base/jdk.internal.reflect.DelegatingConstructorAccessorImpl.newInstance(DelegatingConstructorAccessorImpl.java:45)
at java.base/java.lang.reflect.Constructor.newInstanceWithCaller(Constructor.java:499)
at java.base/java.lang.reflect.Constructor.newInstance(Constructor.java:480)
at org.openqa.selenium.remote.W3CHandshakeResponse.lambda$errorHandler$0(W3CHandshakeResponse.java:62)
at org.openqa.selenium.remote.HandshakeResponse.lambda$getResponseFunction$0(HandshakeResponse.java:30)
at org.openqa.selenium.remote.ProtocolHandshake.lambda$createSession$0(ProtocolHandshake.java:126)
at java.base/java.util.stream.ReferencePipeline$3$1.accept(ReferencePipeline.java:197)
at java.base/java.util.Spliterators$ArraySpliterator.tryAdvance(Spliterators.java:958)
at java.base/java.util.stream.ReferencePipeline.forEachWithCancel(ReferencePipeline.java:129)
at java.base/java.util.stream.AbstractPipeline.copyIntoWithCancel(AbstractPipeline.java:502)
at java.base/java.util.stream.AbstractPipeline.copyInto(AbstractPipeline.java:488)
at java.base/java.util.stream.AbstractPipeline.wrapAndCopyInto(AbstractPipeline.java:474)
at java.base/java.util.stream.FindOps$FindOp.evaluateSequential(FindOps.java:150)
at java.base/java.util.stream.AbstractPipeline.evaluate(AbstractPipeline.java:234)
at java.base/java.util.stream.ReferencePipeline.findFirst(ReferencePipeline.java:647)
at org.openqa.selenium.remote.ProtocolHandshake.createSession(ProtocolHandshake.java:128)
at org.openqa.selenium.remote.ProtocolHandshake.createSession(ProtocolHandshake.java:74)
at org.openqa.selenium.remote.HttpCommandExecutor.execute(HttpCommandExecutor.java:136)
at org.openqa.selenium.remote.service.DriverCommandExecutor.execute(DriverCommandExecutor.java:83)
at org.openqa.selenium.remote.RemoteWebDriver.execute(RemoteWebDriver.java:552)
at org.openqa.selenium.remote.RemoteWebDriver.startSession(RemoteWebDriver.java:213)
at org.openqa.selenium.remote.RemoteWebDriver.<init>(RemoteWebDriver.java:131)
at org.openqa.selenium.chrome.ChromeDriver.<init>(ChromeDriver.java:181)
at org.openqa.selenium.chrome.ChromeDriver.<init>(ChromeDriver.java:168)
at org.openqa.selenium.chrome.ChromeDriver.<init>(ChromeDriver.java:123)
at genericLibraries.BaseClass.openApp(BaseClass.java:22)
at java.base/jdk.internal.reflect.NativeMethodAccessorImpl.invoke0(Native Method)
at java.base/jdk.internal.reflect.NativeMethodAccessorImpl.invoke(NativeMethodAccessorImpl.java:78)
at java.base/jdk.internal.reflect.DelegatingMethodAccessorImpl.invoke(DelegatingMethodAccessorImpl.java:43)
at java.base/java.lang.reflect.Method.invoke(Method.java:567)
at org.testng.internal.MethodInvocationHelper.invokeMethod(MethodInvocationHelper.java:133)
at org.testng.internal.MethodInvocationHelper.invokeMethodConsideringTimeout(MethodInvocationHelper.java:62)
at org.testng.internal.ConfigInvoker.invokeConfigurationMethod(ConfigInvoker.java:385)
at org.testng.internal.ConfigInvoker.invokeConfigurations(ConfigInvoker.java:321)
at org.testng.internal.TestInvoker.runConfigMethods(TestInvoker.java:700)
at org.testng.internal.TestInvoker.invokeMethod(TestInvoker.java:527)
at org.testng.internal.TestInvoker.invokeTestMethod(TestInvoker.java:173)
at org.testng.internal.MethodRunner.runInSequence(MethodRunner.java:46)
at org.testng.internal.TestInvoker$MethodInvocationAgent.invoke(TestInvoker.java:824)
at org.testng.internal.TestInvoker.invokeTestMethods(TestInvoker.java:146)
at org.testng.internal.TestMethodWorker.invokeTestMethods(TestMethodWorker.java:146)
at org.testng.internal.TestMethodWorker.run(TestMethodWorker.java:128)
at java.base/java.util.ArrayList.forEach(ArrayList.java:1511)
at org.testng.TestRunner.privateRun(TestRunner.java:794)
at org.testng.TestRunner.run(TestRunner.java:596)
at org.testng.SuiteRunner.runTest(SuiteRunner.java:377)
at org.testng.SuiteRunner.runSequentially(SuiteRunner.java:371)
at org.testng.SuiteRunner.privateRun(SuiteRunner.java:332)
at org.testng.SuiteRunner.run(SuiteRunner.java:276)
at org.testng.SuiteRunnerWorker.runSuite(SuiteRunnerWorker.java:53)
at org.testng.SuiteRunnerWorker.run(SuiteRunnerWorker.java:96)
at org.testng.TestNG.runSuitesSequentially(TestNG.java:1212)
at org.testng.TestNG.runSuitesLocally(TestNG.java:1134)
at org.testng.TestNG.runSuites(TestNG.java:1063)
at org.testng.TestNG.run(TestNG.java:1031)
at org.testng.remote.AbstractRemoteTestNG.run(AbstractRemoteTestNG.java:115)
at org.testng.remote.RemoteTestNG.initAndRun(RemoteTestNG.java:251)
at org.testng.remote.RemoteTestNG.main(RemoteTestNG.java:77)
]]>
    </failure>
  </testcase> <!-- @BeforeMethod openApp -->
  <testcase classname="genericLibraries.BaseClass" name="@AfterMethod closeapp" time="-1.632507016095E9">
    <skipped/>
  </testcase> <!-- @AfterMethod closeapp -->
  <testcase classname="scripts.Takecourses" name="takecoursess" time="0.0">
    <skipped/>
  </testcase> <!-- takecoursess -->
</testsuite> <!-- Default test -->
